<?xml version="1.0" encoding="UTF-8"?>
<!-- Generated by org.testng.reporters.JUnitXMLReporter -->
<testsuite ignored="0" hostname="Sonali" failures="2" tests="6" name="Test" time="0.107" errors="0" timestamp="2024-01-02T20:03:13 IST">
  <testcase classname="testNg.demoTests" name="a" time="0.012"/>
  <testcase classname="testNg.demoTests" name="c" time="0.005">
    <failure type="java.lang.AssertionError" message="null">
      <![CDATA[java.lang.AssertionError: null
at testNg.demoTests.c(demoTests.java:27)
at java.base/java.util.ArrayList.forEach(ArrayList.java:1511)
... Removed 29 stack frames]]>
    </failure>
  </testcase> <!-- c -->
  <testcase classname="testNg.demoTests" name="b" time="0.005"/>
  <testcase classname="testNg.Demo2" name="v" time="0.002">
    <failure type="java.lang.AssertionError" message="null">
      <![CDATA[java.lang.AssertionError: null
at testNg.Demo2.v(Demo2.java:23)
at java.base/java.util.ArrayList.forEach(ArrayList.java:1511)
... Removed 29 stack frames]]>
    </failure>
  </testcase> <!-- v -->
  <testcase classname="testNg.Demo2" name="z" time="0.004"/>
  <testcase classname="testNg.Demo2" name="y" time="0.002"/>
</testsuite> <!-- Test -->
